Determining if the include file pthread.h exists failed with the following output:
Change Dir: C:/Users/jpabl/Documents/projects/ray-tracer/build/CMakeFiles/CMakeTmp

Run Build Command(s):C:/Program Files/Microsoft Visual Studio/2022/Community/MSBuild/Current/Bin/amd64/MSBuild.exe cmTC_3c820.vcxproj /p:Configuration=Debug /p:Platform=x64 /p:VisualStudioVersion=17.0 /v:m && MSBuild version 17.5.0+6f08c67f3 for .NET Framework

  Microsoft (R) C/C++ Optimizing Compiler Version 19.35.32215 for x64
  CheckIncludeFile.c
  Copyright (C) Microsoft Corporation.  All rights reserved.
  cl /c /I"C:\dev\vcpkg\installed\x64-windows\include" /Zi /W1 /WX- /diagnostics:column /Od /Ob0 /D _MBCS /D WIN32 /D _WINDOWS /D "CMAKE_INTDIR=\"Debug\"" /Gm- /RTC1 /MDd /GS /fp:precise /Zc:wchar_t /Zc:forScope /Zc:inline /Fo"cmTC_3c820.dir\Debug\\" /Fd"cmTC_3c820.dir\Debug\vc143.pdb" /external:W1 /Gd /TC /errorReport:queue "C:\Users\jpabl\Documents\projects\ray-tracer\build\CMakeFiles\CMakeTmp\CheckIncludeFile.c"
C:\Users\jpabl\Documents\projects\ray-tracer\build\CMakeFiles\CMakeTmp\CheckIncludeFile.c(1,10): fatal  error C1083: Cannot open include file: 'pthread.h': No such file or directory [C:\Users\jpabl\Documents\projects\ray-tracer\build\CMakeFiles\CMakeTmp\cmTC_3c820.vcxproj]



Performing C++ SOURCE FILE Test HAVE___THREAD failed with the following output:
Change Dir: C:/Users/jpabl/Documents/projects/ray-tracer/build/CMakeFiles/CMakeTmp

Run Build Command(s):C:/Program Files/Microsoft Visual Studio/2022/Community/MSBuild/Current/Bin/amd64/MSBuild.exe cmTC_656b1.vcxproj /p:Configuration=Debug /p:Platform=x64 /p:VisualStudioVersion=17.0 /v:m && MSBuild version 17.5.0+6f08c67f3 for .NET Framework

  Microsoft (R) C/C++ Optimizing Compiler Version 19.35.32215 for x64
  src.cxx
  Copyright (C) Microsoft Corporation.  All rights reserved.
  cl /c /I"C:\dev\vcpkg\installed\x64-windows\include" /Zi /W1 /WX- /diagnostics:column /Od /Ob0 /D _MBCS /D WIN32 /D _WINDOWS /D HAVE___THREAD /D "CMAKE_INTDIR=\"Debug\"" /Gm- /EHsc /RTC1 /MDd /GS /fp:precise /Zc:wchar_t /Zc:forScope /Zc:inline /Fo"cmTC_656b1.dir\Debug\\" /Fd"cmTC_656b1.dir\Debug\vc143.pdb" /external:W1 /Gd /TP /errorReport:queue "C:\Users\jpabl\Documents\projects\ray-tracer\build\CMakeFiles\CMakeTmp\src.cxx"
C:\Users\jpabl\Documents\projects\ray-tracer\build\CMakeFiles\CMakeTmp\src.cxx(2,10): error C2144: syntax error: 'int' should be preceded by ';' [C:\Users\jpabl\Documents\projects\ray-tracer\build\CMakeFiles\CMakeTmp\cmTC_656b1.vcxproj]
C:\Users\jpabl\Documents\projects\ray-tracer\build\CMakeFiles\CMakeTmp\src.cxx(2,14): error C4430: missing type specifier - int assumed. Note: C++ does not support default-int [C:\Users\jpabl\Documents\projects\ray-tracer\build\CMakeFiles\CMakeTmp\cmTC_656b1.vcxproj]


Source file was:

__thread int x; int main() { }

